
2016-03-10 22:31:08...installerHook: Could not find custom/install/install_hooks.php
2016-03-10 22:33:12...installerHook: Could not find custom/install/install_hooks.php
2016-03-10 22:33:36...installerHook: Could not find custom/install/install_hooks.php
2016-03-10 22:33:41...Begin System Check Process *************
2016-03-10 22:33:41...XML Parsing Support Found
2016-03-10 22:33:41...MBString Support Found
2016-03-10 22:33:41...ZIP Support Found
2016-03-10 22:33:41.../custom directory and subdirectory check passed
2016-03-10 22:33:41...cache directory and subdirectory check passed
2016-03-10 22:33:43.../module  directory and subdirectory check passed
2016-03-10 22:33:43.../upload directory check passed
2016-03-10 22:33:43.../zip check passed
2016-03-10 22:33:43...PCRE version check passed
2016-03-10 22:33:43...installerHook: Could not find custom/install/install_hooks.php
2016-03-10 22:33:43...php.ini location found. C:\xampp\php\php.ini
2016-03-10 22:33:43...Outputting HTML for System check
2016-03-10 22:33:43...No Errors were found *************
2016-03-10 22:33:43...installerHook: Could not find custom/install/install_hooks.php
2016-03-10 22:33:57...installerHook: Could not find custom/install/install_hooks.php
2016-03-10 22:35:38...Begin DB Check Process *************
2016-03-10 22:35:39...testing with mysql:mysqli
2016-03-10 22:35:39...Basic form info is valid, continuing Process.
2016-03-10 22:35:39...Testing user account...
2016-03-10 22:35:39...Connection made using  host: localhost, usr: root
2016-03-10 22:35:39...Testing priviliged account...
2016-03-10 22:35:39...Connection made using  host: localhost, usr: root
2016-03-10 22:35:39...ERROR:: The provided Database Name already exists.  You can<br>1.  hit the back button and choose a new database name <br>2.  click next and continue but all existing tables on this database will be dropped.  <strong>This means your tables and data will be blown away.</strong>
2016-03-10 22:35:39...Passed DB install check
2016-03-10 22:35:39...WARNING:: no errors detected, but DB tables will be dropped!, issuing warning to user
2016-03-10 22:35:39...End DB Check Process *************
2016-03-10 22:35:43...installerHook: Could not find custom/install/install_hooks.php
2016-03-10 22:36:22...Begin DB Check Process *************
2016-03-10 22:36:22...testing with mysql:mysqli
2016-03-10 22:36:22...Basic form info is valid, continuing Process.
2016-03-10 22:36:22...Testing user account...
2016-03-10 22:36:22...Connection made using  host: localhost, usr: root
2016-03-10 22:36:22...Testing priviliged account...
2016-03-10 22:36:22...Connection made using  host: localhost, usr: root
2016-03-10 22:36:22...ERROR:: The provided Database Name already exists.  You can<br>1.  hit the back button and choose a new database name <br>2.  click next and continue but all existing tables on this database will be dropped.  <strong>This means your tables and data will be blown away.</strong>
2016-03-10 22:36:22...Passed DB install check
2016-03-10 22:36:22...WARNING:: no errors detected, but DB tables will be dropped!, issuing warning to user
2016-03-10 22:36:22...End DB Check Process *************
2016-03-10 22:36:24...installerHook: Could not find custom/install/install_hooks.php
2016-03-10 22:36:24...calling handleSugarConfig()
2016-03-10 22:36:24...calling handleHtaccess()
2016-03-10 22:36:24...calling handleDbCharsetCollation()
2016-03-10 22:36:26...looping through all the Beans and create their tables
2016-03-10 22:36:26...processing table acl_actions
2016-03-10 22:36:26...dropping table acl_actions
2016-03-10 22:36:26...creating table acl_actions
2016-03-10 22:36:26...creating Relationship Meta for ACLAction
2016-03-10 22:36:26...processing table acl_roles
2016-03-10 22:36:26...dropping table acl_roles
2016-03-10 22:36:26...creating table acl_roles
2016-03-10 22:36:26...creating Relationship Meta for ACLRole
2016-03-10 22:36:26...processing table relationships
2016-03-10 22:36:26...dropping table relationships
2016-03-10 22:36:26...creating table relationships
2016-03-10 22:36:26...creating Relationship Meta for Relationship
2016-03-10 22:36:26...processing table leads
2016-03-10 22:36:26...dropping table leads
2016-03-10 22:36:27...creating table leads
2016-03-10 22:36:27...creating Relationship Meta for Lead
2016-03-10 22:36:28...processing table cases
2016-03-10 22:36:28...dropping table cases
2016-03-10 22:36:28...creating table cases
2016-03-10 22:36:28...creating Relationship Meta for Case
2016-03-10 22:36:28...processing table bugs
2016-03-10 22:36:28...dropping table bugs
2016-03-10 22:36:29...creating table bugs
2016-03-10 22:36:29...creating Relationship Meta for Bug
2016-03-10 22:36:29...processing table users
2016-03-10 22:36:29...dropping table users
2016-03-10 22:36:30...creating table users
2016-03-10 22:36:30...creating Relationship Meta for User
2016-03-10 22:36:31...processing table campaign_log
2016-03-10 22:36:31...dropping table campaign_log
2016-03-10 22:36:31...creating table campaign_log
2016-03-10 22:36:31...creating Relationship Meta for CampaignLog
2016-03-10 22:36:31...processing table project
2016-03-10 22:36:31...dropping table project
2016-03-10 22:36:32...creating table project
2016-03-10 22:36:32...creating Relationship Meta for Project
2016-03-10 22:36:32...processing table project_task
2016-03-10 22:36:32...dropping table project_task
2016-03-10 22:36:33...creating table project_task
2016-03-10 22:36:33...creating Relationship Meta for ProjectTask
2016-03-10 22:36:33...processing table campaigns
2016-03-10 22:36:33...dropping table campaigns
2016-03-10 22:36:33...creating table campaigns
2016-03-10 22:36:33...creating Relationship Meta for Campaign
2016-03-10 22:36:33...processing table prospect_lists
2016-03-10 22:36:33...dropping table prospect_lists
2016-03-10 22:36:34...creating table prospect_lists
2016-03-10 22:36:34...creating Relationship Meta for ProspectList
2016-03-10 22:36:34...processing table prospects
2016-03-10 22:36:34...dropping table prospects
2016-03-10 22:36:34...creating table prospects
2016-03-10 22:36:34...creating Relationship Meta for Prospect
2016-03-10 22:36:35...processing table email_marketing
2016-03-10 22:36:35...dropping table email_marketing
2016-03-10 22:36:35...creating table email_marketing
2016-03-10 22:36:35...creating Relationship Meta for EmailMarketing
2016-03-10 22:36:35...processing table campaign_trkrs
2016-03-10 22:36:35...dropping table campaign_trkrs
2016-03-10 22:36:36...creating table campaign_trkrs
2016-03-10 22:36:36...creating Relationship Meta for CampaignTracker
2016-03-10 22:36:36...processing table releases
2016-03-10 22:36:36...dropping table releases
2016-03-10 22:36:36...creating table releases
2016-03-10 22:36:36...creating Relationship Meta for Release
2016-03-10 22:36:36...processing table emailman
2016-03-10 22:36:36...dropping table emailman
2016-03-10 22:36:37...creating table emailman
2016-03-10 22:36:37...creating Relationship Meta for EmailMan
2016-03-10 22:36:37...processing table schedulers
2016-03-10 22:36:37...dropping table schedulers
2016-03-10 22:36:38...creating table schedulers
2016-03-10 22:36:38...creating Relationship Meta for Scheduler
2016-03-10 22:36:38...processing table job_queue
2016-03-10 22:36:38...dropping table job_queue
2016-03-10 22:36:39...creating table job_queue
2016-03-10 22:36:39...creating Relationship Meta for SchedulersJob
2016-03-10 22:36:39...processing table contacts
2016-03-10 22:36:39...dropping table contacts
2016-03-10 22:36:43...creating table contacts
2016-03-10 22:36:43...creating Relationship Meta for Contact
2016-03-10 22:36:45...processing table accounts
2016-03-10 22:36:45...dropping table accounts
2016-03-10 22:36:46...creating table accounts
2016-03-10 22:36:46...creating Relationship Meta for Account
2016-03-10 22:36:47...processing table opportunities
2016-03-10 22:36:47...dropping table opportunities
2016-03-10 22:36:49...creating table opportunities
2016-03-10 22:36:49...creating Relationship Meta for Opportunity
2016-03-10 22:36:51...processing table email_templates
2016-03-10 22:36:51...dropping table email_templates
2016-03-10 22:36:52...creating table email_templates
2016-03-10 22:36:52...creating Relationship Meta for EmailTemplate
2016-03-10 22:36:52...processing table notes
2016-03-10 22:36:52...dropping table notes
2016-03-10 22:36:53...creating table notes
2016-03-10 22:36:53...creating Relationship Meta for Note
2016-03-10 22:36:53...processing table calls
2016-03-10 22:36:53...dropping table calls
2016-03-10 22:36:54...creating table calls
2016-03-10 22:36:54...creating Relationship Meta for Call
2016-03-10 22:36:55...processing table emails
2016-03-10 22:36:55...dropping table emails
2016-03-10 22:36:55...creating table emails
2016-03-10 22:36:55...creating Relationship Meta for Email
2016-03-10 22:36:56...processing table meetings
2016-03-10 22:36:56...dropping table meetings
2016-03-10 22:37:00...creating table meetings
2016-03-10 22:37:00...creating Relationship Meta for Meeting
2016-03-10 22:37:00...processing table tasks
2016-03-10 22:37:00...dropping table tasks
2016-03-10 22:37:02...creating table tasks
2016-03-10 22:37:02...creating Relationship Meta for Task
2016-03-10 22:37:02...processing table users
2016-03-10 22:37:02...processing table users
2016-03-10 22:37:02...processing table currencies
2016-03-10 22:37:02...dropping table currencies
2016-03-10 22:37:02...creating table currencies
2016-03-10 22:37:02...creating Relationship Meta for Currency
2016-03-10 22:37:02...processing table tracker
2016-03-10 22:37:02...dropping table tracker
2016-03-10 22:37:04...creating table tracker
2016-03-10 22:37:05...creating Relationship Meta for Tracker
2016-03-10 22:37:05...processing table import_maps
2016-03-10 22:37:05...dropping table import_maps
2016-03-10 22:37:06...creating table import_maps
2016-03-10 22:37:06...creating Relationship Meta for ImportMap
2016-03-10 22:37:06...processing table users_last_import
2016-03-10 22:37:06...dropping table users_last_import
2016-03-10 22:37:06...creating table users_last_import
2016-03-10 22:37:06...creating Relationship Meta for UsersLastImport
2016-03-10 22:37:06...processing table config
2016-03-10 22:37:06...dropping table config
2016-03-10 22:37:08...creating table config
2016-03-10 22:37:08...creating Relationship Meta for Administration
2016-03-10 22:37:09...processing table upgrade_history
2016-03-10 22:37:09...dropping table upgrade_history
2016-03-10 22:37:09...creating table upgrade_history
2016-03-10 22:37:09...creating Relationship Meta for UpgradeHistory
2016-03-10 22:37:11...processing table vcals
2016-03-10 22:37:11...dropping table vcals
2016-03-10 22:37:12...creating table vcals
2016-03-10 22:37:12...creating Relationship Meta for vCal
2016-03-10 22:37:12...processing table alerts
2016-03-10 22:37:12...dropping table alerts
2016-03-10 22:37:14...creating table alerts
2016-03-10 22:37:14...creating Relationship Meta for Alert
2016-03-10 22:37:15...processing table versions
2016-03-10 22:37:15...dropping table versions
2016-03-10 22:37:19...creating table versions
2016-03-10 22:37:20...creating Relationship Meta for Version
2016-03-10 22:37:20...processing table roles
2016-03-10 22:37:20...dropping table roles
2016-03-10 22:37:22...creating table roles
2016-03-10 22:37:22...creating Relationship Meta for Role
2016-03-10 22:37:22...processing table documents
2016-03-10 22:37:22...dropping table documents
2016-03-10 22:37:22...creating table documents
2016-03-10 22:37:22...creating Relationship Meta for Document
2016-03-10 22:37:22...processing table document_revisions
2016-03-10 22:37:22...dropping table document_revisions
2016-03-10 22:37:23...creating table document_revisions
2016-03-10 22:37:23...creating Relationship Meta for DocumentRevision
2016-03-10 22:37:23...processing table fields_meta_data
2016-03-10 22:37:23...dropping table fields_meta_data
2016-03-10 22:37:23...creating table fields_meta_data
2016-03-10 22:37:23...creating Relationship Meta for FieldsMetaData
2016-03-10 22:37:23...processing table inbound_email
2016-03-10 22:37:23...dropping table inbound_email
2016-03-10 22:37:24...creating table inbound_email
2016-03-10 22:37:24...creating Relationship Meta for InboundEmail
2016-03-10 22:37:24...processing table saved_search
2016-03-10 22:37:24...dropping table saved_search
2016-03-10 22:37:24...creating table saved_search
2016-03-10 22:37:24...creating Relationship Meta for SavedSearch
2016-03-10 22:37:24...processing table user_preferences
2016-03-10 22:37:24...dropping table user_preferences
2016-03-10 22:37:25...creating table user_preferences
2016-03-10 22:37:25...creating Relationship Meta for UserPreference
2016-03-10 22:37:25...processing table 
2016-03-10 22:37:25...processing table email_addresses
2016-03-10 22:37:25...dropping table email_addresses
2016-03-10 22:37:26...creating table email_addresses
2016-03-10 22:37:26...creating Relationship Meta for EmailAddress
2016-03-10 22:37:26...processing table emails_text
2016-03-10 22:37:26...dropping table emails_text
2016-03-10 22:37:26...creating table emails_text
2016-03-10 22:37:26...creating Relationship Meta for EmailText
2016-03-10 22:37:27...processing table sugarfeed
2016-03-10 22:37:27...dropping table sugarfeed
2016-03-10 22:37:28...creating table sugarfeed
2016-03-10 22:37:28...creating Relationship Meta for SugarFeed
2016-03-10 22:37:28...processing table eapm
2016-03-10 22:37:28...dropping table eapm
2016-03-10 22:37:29...creating table eapm
2016-03-10 22:37:29...creating Relationship Meta for EAPM
2016-03-10 22:37:29...processing table oauth_consumer
2016-03-10 22:37:29...dropping table oauth_consumer
2016-03-10 22:37:30...creating table oauth_consumer
2016-03-10 22:37:30...creating Relationship Meta for OAuthKey
2016-03-10 22:37:30...processing table oauth_tokens
2016-03-10 22:37:30...dropping table oauth_tokens
2016-03-10 22:37:34...creating table oauth_tokens
2016-03-10 22:37:34...creating Relationship Meta for OAuthToken
2016-03-10 22:37:34...processing table am_projecttemplates
2016-03-10 22:37:34...dropping table am_projecttemplates
2016-03-10 22:37:36...creating table am_projecttemplates
2016-03-10 22:37:36...creating Relationship Meta for AM_ProjectTemplates
2016-03-10 22:37:36...processing table am_tasktemplates
2016-03-10 22:37:36...dropping table am_tasktemplates
2016-03-10 22:37:36...creating table am_tasktemplates
2016-03-10 22:37:36...creating Relationship Meta for AM_TaskTemplates
2016-03-10 22:37:36...processing table favorites
2016-03-10 22:37:36...dropping table favorites
2016-03-10 22:37:37...creating table favorites
2016-03-10 22:37:37...creating Relationship Meta for Favorites
2016-03-10 22:37:37...processing table aok_knowledge_base_categories
2016-03-10 22:37:37...dropping table aok_knowledge_base_categories
2016-03-10 22:37:38...creating table aok_knowledge_base_categories
2016-03-10 22:37:38...creating Relationship Meta for AOK_Knowledge_Base_Categories
2016-03-10 22:37:38...processing table aok_knowledgebase
2016-03-10 22:37:38...dropping table aok_knowledgebase
2016-03-10 22:37:38...creating table aok_knowledgebase
2016-03-10 22:37:38...creating Relationship Meta for AOK_KnowledgeBase
2016-03-10 22:37:38...processing table reminders
2016-03-10 22:37:38...dropping table reminders
2016-03-10 22:37:39...creating table reminders
2016-03-10 22:37:39...creating Relationship Meta for Reminder
2016-03-10 22:37:39...processing table reminders_invitees
2016-03-10 22:37:39...dropping table reminders_invitees
2016-03-10 22:37:40...creating table reminders_invitees
2016-03-10 22:37:40...creating Relationship Meta for Reminder_Invitee
2016-03-10 22:37:40...processing table fp_events
2016-03-10 22:37:40...dropping table fp_events
2016-03-10 22:37:42...creating table fp_events
2016-03-10 22:37:42...creating Relationship Meta for FP_events
2016-03-10 22:37:42...processing table fp_event_locations
2016-03-10 22:37:42...dropping table fp_event_locations
2016-03-10 22:37:43...creating table fp_event_locations
2016-03-10 22:37:43...creating Relationship Meta for FP_Event_Locations
2016-03-10 22:37:43...processing table aod_indexevent
2016-03-10 22:37:43...dropping table aod_indexevent
2016-03-10 22:37:43...creating table aod_indexevent
2016-03-10 22:37:43...creating Relationship Meta for AOD_IndexEvent
2016-03-10 22:37:43...processing table aod_index
2016-03-10 22:37:43...dropping table aod_index
2016-03-10 22:37:44...creating table aod_index
2016-03-10 22:37:44...creating Relationship Meta for AOD_Index
2016-03-10 22:37:44...processing table aop_case_events
2016-03-10 22:37:44...dropping table aop_case_events
2016-03-10 22:37:47...creating table aop_case_events
2016-03-10 22:37:47...creating Relationship Meta for AOP_Case_Events
2016-03-10 22:37:47...processing table aop_case_updates
2016-03-10 22:37:47...dropping table aop_case_updates
2016-03-10 22:37:48...creating table aop_case_updates
2016-03-10 22:37:48...creating Relationship Meta for AOP_Case_Updates
2016-03-10 22:37:48...processing table aor_reports
2016-03-10 22:37:48...dropping table aor_reports
2016-03-10 22:37:48...creating table aor_reports
2016-03-10 22:37:48...creating Relationship Meta for AOR_Report
2016-03-10 22:37:48...processing table aor_fields
2016-03-10 22:37:48...dropping table aor_fields
2016-03-10 22:37:49...creating table aor_fields
2016-03-10 22:37:49...creating Relationship Meta for AOR_Field
2016-03-10 22:37:49...processing table aor_charts
2016-03-10 22:37:49...dropping table aor_charts
2016-03-10 22:37:49...creating table aor_charts
2016-03-10 22:37:49...creating Relationship Meta for AOR_Chart
2016-03-10 22:37:50...processing table aor_conditions
2016-03-10 22:37:50...dropping table aor_conditions
2016-03-10 22:37:50...creating table aor_conditions
2016-03-10 22:37:50...creating Relationship Meta for AOR_Condition
2016-03-10 22:37:51...processing table aor_scheduled_reports
2016-03-10 22:37:51...dropping table aor_scheduled_reports
2016-03-10 22:37:52...creating table aor_scheduled_reports
2016-03-10 22:37:52...creating Relationship Meta for AOR_Scheduled_Reports
2016-03-10 22:37:52...processing table aos_contracts
2016-03-10 22:37:52...dropping table aos_contracts
2016-03-10 22:37:53...creating table aos_contracts
2016-03-10 22:37:53...creating Relationship Meta for AOS_Contracts
2016-03-10 22:37:53...processing table aos_invoices
2016-03-10 22:37:53...dropping table aos_invoices
2016-03-10 22:37:54...creating table aos_invoices
2016-03-10 22:37:54...creating Relationship Meta for AOS_Invoices
2016-03-10 22:37:54...processing table aos_pdf_templates
2016-03-10 22:37:54...dropping table aos_pdf_templates
2016-03-10 22:37:54...creating table aos_pdf_templates
2016-03-10 22:37:54...creating Relationship Meta for AOS_PDF_Templates
2016-03-10 22:37:54...processing table aos_product_categories
2016-03-10 22:37:54...dropping table aos_product_categories
2016-03-10 22:37:56...creating table aos_product_categories
2016-03-10 22:37:56...creating Relationship Meta for AOS_Product_Categories
2016-03-10 22:37:56...processing table aos_products
2016-03-10 22:37:56...dropping table aos_products
2016-03-10 22:37:57...creating table aos_products
2016-03-10 22:37:57...creating Relationship Meta for AOS_Products
2016-03-10 22:37:57...processing table aos_products_quotes
2016-03-10 22:37:57...dropping table aos_products_quotes
2016-03-10 22:37:57...creating table aos_products_quotes
2016-03-10 22:37:57...creating Relationship Meta for AOS_Products_Quotes
2016-03-10 22:37:57...processing table aos_line_item_groups
2016-03-10 22:37:57...dropping table aos_line_item_groups
2016-03-10 22:37:57...creating table aos_line_item_groups
2016-03-10 22:37:57...creating Relationship Meta for AOS_Line_Item_Groups
2016-03-10 22:37:57...processing table aos_quotes
2016-03-10 22:37:57...dropping table aos_quotes
2016-03-10 22:37:58...creating table aos_quotes
2016-03-10 22:37:58...creating Relationship Meta for AOS_Quotes
2016-03-10 22:37:59...processing table aow_actions
2016-03-10 22:37:59...dropping table aow_actions
2016-03-10 22:37:59...creating table aow_actions
2016-03-10 22:37:59...creating Relationship Meta for AOW_Action
2016-03-10 22:37:59...processing table aow_workflow
2016-03-10 22:37:59...dropping table aow_workflow
2016-03-10 22:38:00...creating table aow_workflow
2016-03-10 22:38:00...creating Relationship Meta for AOW_WorkFlow
2016-03-10 22:38:00...processing table aow_processed
2016-03-10 22:38:00...dropping table aow_processed
2016-03-10 22:38:00...creating table aow_processed
2016-03-10 22:38:00...creating Relationship Meta for AOW_Processed
2016-03-10 22:38:00...processing table aow_conditions
2016-03-10 22:38:00...dropping table aow_conditions
2016-03-10 22:38:00...creating table aow_conditions
2016-03-10 22:38:00...creating Relationship Meta for AOW_Condition
2016-03-10 22:38:00...processing table jjwg_maps
2016-03-10 22:38:00...dropping table jjwg_maps
2016-03-10 22:38:03...creating table jjwg_maps
2016-03-10 22:38:03...creating Relationship Meta for jjwg_Maps
2016-03-10 22:38:03...processing table jjwg_markers
2016-03-10 22:38:03...dropping table jjwg_markers
2016-03-10 22:38:05...creating table jjwg_markers
2016-03-10 22:38:05...creating Relationship Meta for jjwg_Markers
2016-03-10 22:38:05...processing table jjwg_areas
2016-03-10 22:38:05...dropping table jjwg_areas
2016-03-10 22:38:05...creating table jjwg_areas
2016-03-10 22:38:05...creating Relationship Meta for jjwg_Areas
2016-03-10 22:38:05...processing table jjwg_address_cache
2016-03-10 22:38:05...dropping table jjwg_address_cache
2016-03-10 22:38:05...creating table jjwg_address_cache
2016-03-10 22:38:05...creating Relationship Meta for jjwg_Address_Cache
2016-03-10 22:38:05...processing table calls_reschedule
2016-03-10 22:38:05...dropping table calls_reschedule
2016-03-10 22:38:06...creating table calls_reschedule
2016-03-10 22:38:06...creating Relationship Meta for Calls_Reschedule
2016-03-10 22:38:06...processing table securitygroups
2016-03-10 22:38:06...dropping table securitygroups
2016-03-10 22:38:06...creating table securitygroups
2016-03-10 22:38:06...creating Relationship Meta for SecurityGroup
2016-03-10 22:38:37...Begin creating Defaults
2016-03-10 22:38:37...insert defaults into config table
2016-03-10 22:38:37...Creating default users
2016-03-10 22:38:38...Creating default scheduler jobs
2016-03-10 22:38:38...Enable SugarFeeds
2016-03-10 22:38:39...Installation has completed *********
2016-03-10 22:39:34...populating the db with seed data
2016-03-10 22:39:34...Save configuration settings..
2016-03-10 22:39:34...save locale
2016-03-10 22:39:34...new Administration
2016-03-10 22:39:34...retrieveSettings
2016-03-10 22:39:34...AdminWizard OFF
2016-03-10 22:39:34...saveConfig
2016-03-10 22:39:34...new Configurator
2016-03-10 22:39:34...populateFromPost
2016-03-10 22:39:34...handleOverride
2016-03-10 22:39:34...saveConfig
2016-03-10 22:39:34...new Currency
2016-03-10 22:39:34...retrieve
2016-03-10 22:39:34...DBG: save currency
2016-03-10 22:39:34...Save user settings..
2016-03-10 22:39:34...DBG: SugarThemeRegistry::getDefault
2016-03-10 22:39:34...DBG: require modules/Users/Save.php
2016-03-10 23:40:13...installerHook: Could not find custom/install/install_hooks.php